#
# A fatal error has been detected by the Java Runtime Environment:
#
#  EXCEPTION_ACCESS_VIOLATION (0xc0000005) at pc=0x00007ffba238b6e9, pid=16880, tid=30192
#
# JRE version: Java(TM) SE Runtime Environment 18.9 (11.0.8+10) (build 11.0.8+10-LTS)
# Java VM: Java HotSpot(TM) 64-Bit Server VM 18.9 (11.0.8+10-LTS, mixed mode, tiered, compressed oops, g1 gc, windows-amd64)
# Problematic frame:
# V  [jvm.dll+0x23b6e9]
#
# No core dump will be written. Minidumps are not enabled by default on client versions of Windows
#
# If you would like to submit a bug report, please visit:
#   https://bugreport.java.com/bugreport/crash.jsp
#

---------------  S U M M A R Y ------------

Command Line: -agentlib:jdwp=transport=dt_socket,address=127.0.0.1:49764,suspend=y,server=n -javaagent:C:\Users\MARCOB~1\AppData\Local\Temp\captureAgent435jars\debugger-agent.jar -Dfile.encoding=UTF-8 Day17.Day17

Host: Intel(R) Core(TM) i7-9750H CPU @ 2.60GHz, 12 cores, 15G,  Windows 10 , 64 bit Build 22000 (10.0.22000.318)
Time: Sun Dec 19 11:28:19 2021 West-Europa (standaardtijd) elapsed time: 1591 seconds (0d 0h 26m 31s)

---------------  T H R E A D  ---------------

Current thread (0x00000244fc352000):  VMThread "VM Thread" [stack: 0x000000a52f100000,0x000000a52f200000] [id=30192]

Stack: [0x000000a52f100000,0x000000a52f200000],  sp=0x000000a52f1fee98,  free space=1019k
Native frames: (J=compiled Java code, j=interpreted, Vv=VM code, C=native code)
V  [jvm.dll+0x23b6e9]


siginfo: EXCEPTION_ACCESS_VIOLATION (0xc0000005), reading address 0x00000244fcb04a68


Register to memory mapping:

RIP=0x00007ffba238b6e9 jvm.dll
RAX=0x0000000000200000 is an unknown value
RBX=0x000000a52f1ff160 points into unknown readable memory: a8 20 9d a2 fb 7f 00 00
RCX=0x00000244fc904a68 is pointing into metadata
RDX=0x000000000000ffff is an unknown value
RSP=0x000000a52f1fee98 points into unknown readable memory: 33 9a 46 a2 fb 7f 00 00
RBP=0x0 is NULL
RSI=0x0000000000000001 is an unknown value
RDI=0x00000244fc902e78 is pointing into metadata
R8 =0x0 is NULL
R9 =0x00000244fc902e78 is pointing into metadata
R10=0x00007ffba2150000 jvm.dll
R11=0x000000a52f1fef00 points into unknown readable memory: 60 f1 1f 2f a5 00 00 00
R12=0x00000244fcc001d8 points into unknown readable memory: 00 3b 95 e0 57 00 00 00
R13=0x0000000000000078 is an unknown value
R14=0x00000244fc903b26 is pointing into metadata
R15=0x000000000000008f is an unknown value


Registers:
RAX=0x0000000000200000, RBX=0x000000a52f1ff160, RCX=0x00000244fc904a68, RDX=0x000000000000ffff
RSP=0x000000a52f1fee98, RBP=0x0000000000000000, RSI=0x0000000000000001, RDI=0x00000244fc902e78
R8 =0x0000000000000000, R9 =0x00000244fc902e78, R10=0x00007ffba2150000, R11=0x000000a52f1fef00
R12=0x00000244fcc001d8, R13=0x0000000000000078, R14=0x00000244fc903b26, R15=0x000000000000008f
RIP=0x00007ffba238b6e9, EFLAGS=0x0000000000010206

Top of Stack: (sp=0x000000a52f1fee98)
0x000000a52f1fee98:   00007ffba2469a33 000000a52f1fefa0
0x000000a52f1feea8:   00007ffba247de0a 000000a52f1ff160
0x000000a52f1feeb8:   00007ffba246cb2c 000000a500000000
0x000000a52f1feec8:   00007ffba246dc37 0000000046000011
0x000000a52f1feed8:   00007ffba246dba2 00003520b007833f
0x000000a52f1feee8:   00007ffc043c8b8a 00000244fc903b26
0x000000a52f1feef8:   000000a52f1fefc0 000000a52f1ff160
0x000000a52f1fef08:   00007ffba246bb4d 00000244fc903b25
0x000000a52f1fef18:   000000000000005e 000000a52f1feff0
0x000000a52f1fef28:   00007ffba246d3a0 000000000000005e
0x000000a52f1fef38:   00007ffba247de0a 000000a52f1fefc0
0x000000a52f1fef48:   6666666666666667 0000000000000000
0x000000a52f1fef58:   00000244fc903b04 000000a52f1fefc0
0x000000a52f1fef68:   00007ffba226869e 000000000000008f
0x000000a52f1fef78:   00000244fc903b26 000000a52f1feff0
0x000000a52f1fef88:   00000000000000d1 00000000000000b4 

Instructions: (pc=0x00007ffba238b6e9)
0x00007ffba238b6c9:   c2 48 ff c0 48 c1 e0 05 48 8b 04 08 0f b7 c8 41
0x00007ffba238b6d9:   0f b7 44 c9 42 c3 48 63 c2 48 ff c0 48 c1 e0 05
0x00007ffba238b6e9:   48 8b 04 08 0f b7 d0 48 63 c2 41 0f b7 44 c1 42
0x00007ffba238b6f9:   c3 49 8b 41 08 48 63 ca 0f b6 44 01 04 3c 12 74 


Stack slot to memory mapping:
stack at sp + 0 slots: 0x00007ffba2469a33 jvm.dll
stack at sp + 1 slots: 0x000000a52f1fefa0 points into unknown readable memory: f0 ef 1f 2f a5 00 00 00
stack at sp + 2 slots: 0x00007ffba247de0a jvm.dll
stack at sp + 3 slots: 0x000000a52f1ff160 points into unknown readable memory: a8 20 9d a2 fb 7f 00 00
stack at sp + 4 slots: 0x00007ffba246cb2c jvm.dll
stack at sp + 5 slots: 0x000000a500000000 is an unknown value
stack at sp + 6 slots: 0x00007ffba246dc37 jvm.dll
stack at sp + 7 slots: 0x0000000046000011 is an unknown value

VM_Operation (0x000000a52fbfee40): GetOrSetLocal, mode: safepoint, requested by thread 0x00000244fcf66800


---------------  P R O C E S S  ---------------

Threads class SMR info:
_java_thread_list=0x00000244fcee1c20, length=13, elements={
0x00000244d67c5800, 0x00000244fc354000, 0x00000244fc355800, 0x00000244fcc54800,
0x00000244fcc55800, 0x00000244fcc5a800, 0x00000244fcc68000, 0x00000244fcc6d800,
0x00000244fcde2800, 0x00000244fcf66800, 0x00000244fcf6a800, 0x00000244fcf6b800,
0x00000244fcf64000
}

Java Threads: ( => current thread )
  0x00000244d67c5800 JavaThread "main" [_thread_blocked, id=38236, stack(0x000000a52eb00000,0x000000a52ec00000)]
  0x00000244fc354000 JavaThread "Reference Handler" daemon [_thread_blocked, id=9540, stack(0x000000a52f200000,0x000000a52f300000)]
  0x00000244fc355800 JavaThread "Finalizer" daemon [_thread_blocked, id=45960, stack(0x000000a52f300000,0x000000a52f400000)]
  0x00000244fcc54800 JavaThread "Signal Dispatcher" daemon [_thread_blocked, id=39444, stack(0x000000a52f400000,0x000000a52f500000)]
  0x00000244fcc55800 JavaThread "Attach Listener" daemon [_thread_blocked, id=6796, stack(0x000000a52f500000,0x000000a52f600000)]
  0x00000244fcc5a800 JavaThread "C2 CompilerThread0" daemon [_thread_blocked, id=52584, stack(0x000000a52f600000,0x000000a52f700000)]
  0x00000244fcc68000 JavaThread "C1 CompilerThread0" daemon [_thread_blocked, id=34348, stack(0x000000a52f700000,0x000000a52f800000)]
  0x00000244fcc6d800 JavaThread "Sweeper thread" daemon [_thread_blocked, id=52564, stack(0x000000a52f800000,0x000000a52f900000)]
  0x00000244fcde2800 JavaThread "Common-Cleaner" daemon [_thread_blocked, id=30048, stack(0x000000a52f900000,0x000000a52fa00000)]
  0x00000244fcf66800 JavaThread "JDWP Transport Listener: dt_socket" daemon [_thread_blocked, id=50136, stack(0x000000a52fb00000,0x000000a52fc00000)] _threads_hazard_ptr=0x00000244fcee1c20
  0x00000244fcf6a800 JavaThread "JDWP Event Helper Thread" daemon [_thread_blocked, id=22448, stack(0x000000a52fc00000,0x000000a52fd00000)]
  0x00000244fcf6b800 JavaThread "JDWP Command Reader" daemon [_thread_in_native, id=22436, stack(0x000000a52fd00000,0x000000a52fe00000)]
  0x00000244fcf64000 JavaThread "Service Thread" daemon [_thread_blocked, id=19828, stack(0x000000a52fe00000,0x000000a52ff00000)]

Other Threads:
=>0x00000244fc352000 VMThread "VM Thread" [stack: 0x000000a52f100000,0x000000a52f200000] [id=30192]
  0x00000244fd147000 WatcherThread [stack: 0x000000a52ff00000,0x000000a530000000] [id=39808]
  0x00000244d67db800 GCTaskThread "GC Thread#0" [stack: 0x000000a52ec00000,0x000000a52ed00000] [id=22120]
  0x00000244d66ac800 ConcurrentGCThread "G1 Main Marker" [stack: 0x000000a52ed00000,0x000000a52ee00000] [id=39036]
  0x00000244d66ad800 ConcurrentGCThread "G1 Conc#0" [stack: 0x000000a52ee00000,0x000000a52ef00000] [id=53548]
  0x00000244fc241000 ConcurrentGCThread "G1 Refine#0" [stack: 0x000000a52ef00000,0x000000a52f000000] [id=48516]
  0x00000244fc242000 ConcurrentGCThread "G1 Young RemSet Sampling" [stack: 0x000000a52f000000,0x000000a52f100000] [id=23700]

Threads with active compile tasks:

VM state:at safepoint (normal execution)

VM Mutex/Monitor currently owned by a thread:  ([mutex/lock_event])
[0x00000244d67c1690] Threads_lock - owner thread: 0x00000244fc352000

Heap address: 0x0000000704400000, size: 4028 MB, Compressed Oops mode: Zero based, Oop shift amount: 3
Narrow klass base: 0x0000000800000000, Narrow klass shift: 0
Compressed class space size: 1073741824 Address: 0x0000000800000000

Heap:
 garbage-first heap   total 258048K, used 4096K [0x0000000704400000, 0x0000000800000000)
  region size 1024K, 5 young (5120K), 0 survivors (0K)
 Metaspace       used 7089K, capacity 7218K, committed 7424K, reserved 1056768K
  class space    used 643K, capacity 708K, committed 768K, reserved 1048576K
Heap Regions: E=young(eden), S=young(survivor), O=old, HS=humongous(starts), HC=humongous(continues), CS=collection set, F=free, A=archive, TAMS=top-at-mark-start (previous, next)
|   0|0x0000000704400000, 0x0000000704400000, 0x0000000704500000|  0%| F|  |TAMS 0x0000000704400000, 0x0000000704400000| Untracked 
|   1|0x0000000704500000, 0x0000000704500000, 0x0000000704600000|  0%| F|  |TAMS 0x0000000704500000, 0x0000000704500000| Untracked 
|   2|0x0000000704600000, 0x0000000704600000, 0x0000000704700000|  0%| F|  |TAMS 0x0000000704600000, 0x0000000704600000| Untracked 
|   3|0x0000000704700000, 0x0000000704700000, 0x0000000704800000|  0%| F|  |TAMS 0x0000000704700000, 0x0000000704700000| Untracked 
|   4|0x0000000704800000, 0x0000000704800000, 0x0000000704900000|  0%| F|  |TAMS 0x0000000704800000, 0x0000000704800000| Untracked 
|   5|0x0000000704900000, 0x0000000704900000, 0x0000000704a00000|  0%| F|  |TAMS 0x0000000704900000, 0x0000000704900000| Untracked 
|   6|0x0000000704a00000, 0x0000000704a00000, 0x0000000704b00000|  0%| F|  |TAMS 0x0000000704a00000, 0x0000000704a00000| Untracked 
|   7|0x0000000704b00000, 0x0000000704b00000, 0x0000000704c00000|  0%| F|  |TAMS 0x0000000704b00000, 0x0000000704b00000| Untracked 
|   8|0x0000000704c00000, 0x0000000704c00000, 0x0000000704d00000|  0%| F|  |TAMS 0x0000000704c00000, 0x0000000704c00000| Untracked 
|   9|0x0000000704d00000, 0x0000000704d00000, 0x0000000704e00000|  0%| F|  |TAMS 0x0000000704d00000, 0x0000000704d00000| Untracked 
|  10|0x0000000704e00000, 0x0000000704e00000, 0x0000000704f00000|  0%| F|  |TAMS 0x0000000704e00000, 0x0000000704e00000| Untracked 
|  11|0x0000000704f00000, 0x0000000704f00000, 0x0000000705000000|  0%| F|  |TAMS 0x0000000704f00000, 0x0000000704f00000| Untracked 
|  12|0x0000000705000000, 0x0000000705000000, 0x0000000705100000|  0%| F|  |TAMS 0x0000000705000000, 0x0000000705000000| Untracked 
|  13|0x0000000705100000, 0x0000000705100000, 0x0000000705200000|  0%| F|  |TAMS 0x0000000705100000, 0x0000000705100000| Untracked 
|  14|0x0000000705200000, 0x0000000705200000, 0x0000000705300000|  0%| F|  |TAMS 0x0000000705200000, 0x0000000705200000| Untracked 
|  15|0x0000000705300000, 0x0000000705300000, 0x0000000705400000|  0%| F|  |TAMS 0x0000000705300000, 0x0000000705300000| Untracked 
|  16|0x0000000705400000, 0x0000000705400000, 0x0000000705500000|  0%| F|  |TAMS 0x0000000705400000, 0x0000000705400000| Untracked 
|  17|0x0000000705500000, 0x0000000705500000, 0x0000000705600000|  0%| F|  |TAMS 0x0000000705500000, 0x0000000705500000| Untracked 
|  18|0x0000000705600000, 0x0000000705600000, 0x0000000705700000|  0%| F|  |TAMS 0x0000000705600000, 0x0000000705600000| Untracked 
|  19|0x0000000705700000, 0x0000000705700000, 0x0000000705800000|  0%| F|  |TAMS 0x0000000705700000, 0x0000000705700000| Untracked 
|  20|0x0000000705800000, 0x0000000705800000, 0x0000000705900000|  0%| F|  |TAMS 0x0000000705800000, 0x0000000705800000| Untracked 
|  21|0x0000000705900000, 0x0000000705900000, 0x0000000705a00000|  0%| F|  |TAMS 0x0000000705900000, 0x0000000705900000| Untracked 
|  22|0x0000000705a00000, 0x0000000705a00000, 0x0000000705b00000|  0%| F|  |TAMS 0x0000000705a00000, 0x0000000705a00000| Untracked 
|  23|0x0000000705b00000, 0x0000000705b00000, 0x0000000705c00000|  0%| F|  |TAMS 0x0000000705b00000, 0x0000000705b00000| Untracked 
|  24|0x0000000705c00000, 0x0000000705c00000, 0x0000000705d00000|  0%| F|  |TAMS 0x0000000705c00000, 0x0000000705c00000| Untracked 
|  25|0x0000000705d00000, 0x0000000705d00000, 0x0000000705e00000|  0%| F|  |TAMS 0x0000000705d00000, 0x0000000705d00000| Untracked 
|  26|0x0000000705e00000, 0x0000000705e00000, 0x0000000705f00000|  0%| F|  |TAMS 0x0000000705e00000, 0x0000000705e00000| Untracked 
|  27|0x0000000705f00000, 0x0000000705f00000, 0x0000000706000000|  0%| F|  |TAMS 0x0000000705f00000, 0x0000000705f00000| Untracked 
|  28|0x0000000706000000, 0x0000000706000000, 0x0000000706100000|  0%| F|  |TAMS 0x0000000706000000, 0x0000000706000000| Untracked 
|  29|0x0000000706100000, 0x0000000706100000, 0x0000000706200000|  0%| F|  |TAMS 0x0000000706100000, 0x0000000706100000| Untracked 
|  30|0x0000000706200000, 0x0000000706200000, 0x0000000706300000|  0%| F|  |TAMS 0x0000000706200000, 0x0000000706200000| Untracked 
|  31|0x0000000706300000, 0x0000000706300000, 0x0000000706400000|  0%| F|  |TAMS 0x0000000706300000, 0x0000000706300000| Untracked 
|  32|0x0000000706400000, 0x0000000706400000, 0x0000000706500000|  0%| F|  |TAMS 0x0000000706400000, 0x0000000706400000| Untracked 
|  33|0x0000000706500000, 0x0000000706500000, 0x0000000706600000|  0%| F|  |TAMS 0x0000000706500000, 0x0000000706500000| Untracked 
|  34|0x0000000706600000, 0x0000000706600000, 0x0000000706700000|  0%| F|  |TAMS 0x0000000706600000, 0x0000000706600000| Untracked 
|  35|0x0000000706700000, 0x0000000706700000, 0x0000000706800000|  0%| F|  |TAMS 0x0000000706700000, 0x0000000706700000| Untracked 
|  36|0x0000000706800000, 0x0000000706800000, 0x0000000706900000|  0%| F|  |TAMS 0x0000000706800000, 0x0000000706800000| Untracked 
|  37|0x0000000706900000, 0x0000000706900000, 0x0000000706a00000|  0%| F|  |TAMS 0x0000000706900000, 0x0000000706900000| Untracked 
|  38|0x0000000706a00000, 0x0000000706a00000, 0x0000000706b00000|  0%| F|  |TAMS 0x0000000706a00000, 0x0000000706a00000| Untracked 
|  39|0x0000000706b00000, 0x0000000706b00000, 0x0000000706c00000|  0%| F|  |TAMS 0x0000000706b00000, 0x0000000706b00000| Untracked 
|  40|0x0000000706c00000, 0x0000000706c00000, 0x0000000706d00000|  0%| F|  |TAMS 0x0000000706c00000, 0x0000000706c00000| Untracked 
|  41|0x0000000706d00000, 0x0000000706d00000, 0x0000000706e00000|  0%| F|  |TAMS 0x0000000706d00000, 0x0000000706d00000| Untracked 
|  42|0x0000000706e00000, 0x0000000706e00000, 0x0000000706f00000|  0%| F|  |TAMS 0x0000000706e00000, 0x0000000706e00000| Untracked 
|  43|0x0000000706f00000, 0x0000000706f00000, 0x0000000707000000|  0%| F|  |TAMS 0x0000000706f00000, 0x0000000706f00000| Untracked 
|  44|0x0000000707000000, 0x0000000707000000, 0x0000000707100000|  0%| F|  |TAMS 0x0000000707000000, 0x0000000707000000| Untracked 
|  45|0x0000000707100000, 0x0000000707100000, 0x0000000707200000|  0%| F|  |TAMS 0x0000000707100000, 0x0000000707100000| Untracked 
|  46|0x0000000707200000, 0x0000000707200000, 0x0000000707300000|  0%| F|  |TAMS 0x0000000707200000, 0x0000000707200000| Untracked 
|  47|0x0000000707300000, 0x0000000707300000, 0x0000000707400000|  0%| F|  |TAMS 0x0000000707300000, 0x0000000707300000| Untracked 
|  48|0x0000000707400000, 0x0000000707400000, 0x0000000707500000|  0%| F|  |TAMS 0x0000000707400000, 0x0000000707400000| Untracked 
|  49|0x0000000707500000, 0x0000000707500000, 0x0000000707600000|  0%| F|  |TAMS 0x0000000707500000, 0x0000000707500000| Untracked 
|  50|0x0000000707600000, 0x0000000707600000, 0x0000000707700000|  0%| F|  |TAMS 0x0000000707600000, 0x0000000707600000| Untracked 
|  51|0x0000000707700000, 0x0000000707700000, 0x0000000707800000|  0%| F|  |TAMS 0x0000000707700000, 0x0000000707700000| Untracked 
|  52|0x0000000707800000, 0x0000000707800000, 0x0000000707900000|  0%| F|  |TAMS 0x0000000707800000, 0x0000000707800000| Untracked 
|  53|0x0000000707900000, 0x0000000707900000, 0x0000000707a00000|  0%| F|  |TAMS 0x0000000707900000, 0x0000000707900000| Untracked 
|  54|0x0000000707a00000, 0x0000000707a00000, 0x0000000707b00000|  0%| F|  |TAMS 0x0000000707a00000, 0x0000000707a00000| Untracked 
|  55|0x0000000707b00000, 0x0000000707b00000, 0x0000000707c00000|  0%| F|  |TAMS 0x0000000707b00000, 0x0000000707b00000| Untracked 
|  56|0x0000000707c00000, 0x0000000707c00000, 0x0000000707d00000|  0%| F|  |TAMS 0x0000000707c00000, 0x0000000707c00000| Untracked 
|  57|0x0000000707d00000, 0x0000000707d00000, 0x0000000707e00000|  0%| F|  |TAMS 0x0000000707d00000, 0x0000000707d00000| Untracked 
|  58|0x0000000707e00000, 0x0000000707e00000, 0x0000000707f00000|  0%| F|  |TAMS 0x0000000707e00000, 0x0000000707e00000| Untracked 
|  59|0x0000000707f00000, 0x0000000707f00000, 0x0000000708000000|  0%| F|  |TAMS 0x0000000707f00000, 0x0000000707f00000| Untracked 
|  60|0x0000000708000000, 0x0000000708000000, 0x0000000708100000|  0%| F|  |TAMS 0x0000000708000000, 0x0000000708000000| Untracked 
|  61|0x0000000708100000, 0x0000000708100000, 0x0000000708200000|  0%| F|  |TAMS 0x0000000708100000, 0x0000000708100000| Untracked 
|  62|0x0000000708200000, 0x0000000708200000, 0x0000000708300000|  0%| F|  |TAMS 0x0000000708200000, 0x0000000708200000| Untracked 
|  63|0x0000000708300000, 0x0000000708300000, 0x0000000708400000|  0%| F|  |TAMS 0x0000000708300000, 0x0000000708300000| Untracked 
|  64|0x0000000708400000, 0x0000000708400000, 0x0000000708500000|  0%| F|  |TAMS 0x0000000708400000, 0x0000000708400000| Untracked 
|  65|0x0000000708500000, 0x0000000708500000, 0x0000000708600000|  0%| F|  |TAMS 0x0000000708500000, 0x0000000708500000| Untracked 
|  66|0x0000000708600000, 0x0000000708600000, 0x0000000708700000|  0%| F|  |TAMS 0x0000000708600000, 0x0000000708600000| Untracked 
|  67|0x0000000708700000, 0x0000000708700000, 0x0000000708800000|  0%| F|  |TAMS 0x0000000708700000, 0x0000000708700000| Untracked 
|  68|0x0000000708800000, 0x0000000708800000, 0x0000000708900000|  0%| F|  |TAMS 0x0000000708800000, 0x0000000708800000| Untracked 
|  69|0x0000000708900000, 0x0000000708900000, 0x0000000708a00000|  0%| F|  |TAMS 0x0000000708900000, 0x0000000708900000| Untracked 
|  70|0x0000000708a00000, 0x0000000708a00000, 0x0000000708b00000|  0%| F|  |TAMS 0x0000000708a00000, 0x0000000708a00000| Untracked 
|  71|0x0000000708b00000, 0x0000000708b00000, 0x0000000708c00000|  0%| F|  |TAMS 0x0000000708b00000, 0x0000000708b00000| Untracked 
|  72|0x0000000708c00000, 0x0000000708c00000, 0x0000000708d00000|  0%| F|  |TAMS 0x0000000708c00000, 0x0000000708c00000| Untracked 
|  73|0x0000000708d00000, 0x0000000708d00000, 0x0000000708e00000|  0%| F|  |TAMS 0x0000000708d00000, 0x0000000708d00000| Untracked 
|  74|0x0000000708e00000, 0x0000000708e00000, 0x0000000708f00000|  0%| F|  |TAMS 0x0000000708e00000, 0x0000000708e00000| Untracked 
|  75|0x0000000708f00000, 0x0000000708f00000, 0x0000000709000000|  0%| F|  |TAMS 0x0000000708f00000, 0x0000000708f00000| Untracked 
|  76|0x0000000709000000, 0x0000000709000000, 0x0000000709100000|  0%| F|  |TAMS 0x0000000709000000, 0x0000000709000000| Untracked 
|  77|0x0000000709100000, 0x0000000709100000, 0x0000000709200000|  0%| F|  |TAMS 0x0000000709100000, 0x0000000709100000| Untracked 
|  78|0x0000000709200000, 0x0000000709200000, 0x0000000709300000|  0%| F|  |TAMS 0x0000000709200000, 0x0000000709200000| Untracked 
|  79|0x0000000709300000, 0x0000000709300000, 0x0000000709400000|  0%| F|  |TAMS 0x0000000709300000, 0x0000000709300000| Untracked 
|  80|0x0000000709400000, 0x0000000709400000, 0x0000000709500000|  0%| F|  |TAMS 0x0000000709400000, 0x0000000709400000| Untracked 
|  81|0x0000000709500000, 0x0000000709500000, 0x0000000709600000|  0%| F|  |TAMS 0x0000000709500000, 0x0000000709500000| Untracked 
|  82|0x0000000709600000, 0x0000000709600000, 0x0000000709700000|  0%| F|  |TAMS 0x0000000709600000, 0x0000000709600000| Untracked 
|  83|0x0000000709700000, 0x0000000709700000, 0x0000000709800000|  0%| F|  |TAMS 0x0000000709700000, 0x0000000709700000| Untracked 
|  84|0x0000000709800000, 0x0000000709800000, 0x0000000709900000|  0%| F|  |TAMS 0x0000000709800000, 0x0000000709800000| Untracked 
|  85|0x0000000709900000, 0x0000000709900000, 0x0000000709a00000|  0%| F|  |TAMS 0x0000000709900000, 0x0000000709900000| Untracked 
|  86|0x0000000709a00000, 0x0000000709a00000, 0x0000000709b00000|  0%| F|  |TAMS 0x0000000709a00000, 0x0000000709a00000| Untracked 
|  87|0x0000000709b00000, 0x0000000709b00000, 0x0000000709c00000|  0%| F|  |TAMS 0x0000000709b00000, 0x0000000709b00000| Untracked 
|  88|0x0000000709c00000, 0x0000000709c00000, 0x0000000709d00000|  0%| F|  |TAMS 0x0000000709c00000, 0x0000000709c00000| Untracked 
|  89|0x0000000709d00000, 0x0000000709d00000, 0x0000000709e00000|  0%| F|  |TAMS 0x0000000709d00000, 0x0000000709d00000| Untracked 
|  90|0x0000000709e00000, 0x0000000709e00000, 0x0000000709f00000|  0%| F|  |TAMS 0x0000000709e00000, 0x0000000709e00000| Untracked 
|  91|0x0000000709f00000, 0x0000000709f00000, 0x000000070a000000|  0%| F|  |TAMS 0x0000000709f00000, 0x0000000709f00000| Untracked 
|  92|0x000000070a000000, 0x000000070a000000, 0x000000070a100000|  0%| F|  |TAMS 0x000000070a000000, 0x000000070a000000| Untracked 
|  93|0x000000070a100000, 0x000000070a100000, 0x000000070a200000|  0%| F|  |TAMS 0x000000070a100000, 0x000000070a100000| Untracked 
|  94|0x000000070a200000, 0x000000070a200000, 0x000000070a300000|  0%| F|  |TAMS 0x000000070a200000, 0x000000070a200000| Untracked 
|  95|0x000000070a300000, 0x000000070a300000, 0x000000070a400000|  0%| F|  |TAMS 0x000000070a300000, 0x000000070a300000| Untracked 
|  96|0x000000070a400000, 0x000000070a400000, 0x000000070a500000|  0%| F|  |TAMS 0x000000070a400000, 0x000000070a400000| Untracked 
|  97|0x000000070a500000, 0x000000070a500000, 0x000000070a600000|  0%| F|  |TAMS 0x000000070a500000, 0x000000070a500000| Untracked 
|  98|0x000000070a600000, 0x000000070a600000, 0x000000070a700000|  0%| F|  |TAMS 0x000000070a600000, 0x000000070a600000| Untracked 
|  99|0x000000070a700000, 0x000000070a700000, 0x000000070a800000|  0%| F|  |TAMS 0x000000070a700000, 0x000000070a700000| Untracked 
| 100|0x000000070a800000, 0x000000070a800000, 0x000000070a900000|  0%| F|  |TAMS 0x000000070a800000, 0x000000070a800000| Untracked 
| 101|0x000000070a900000, 0x000000070a900000, 0x000000070aa00000|  0%| F|  |TAMS 0x000000070a900000, 0x000000070a900000| Untracked 
| 102|0x000000070aa00000, 0x000000070aa00000, 0x000000070ab00000|  0%| F|  |TAMS 0x000000070aa00000, 0x000000070aa00000| Untracked 
| 103|0x000000070ab00000, 0x000000070ab00000, 0x000000070ac00000|  0%| F|  |TAMS 0x000000070ab00000, 0x000000070ab00000| Untracked 
| 104|0x000000070ac00000, 0x000000070ac00000, 0x000000070ad00000|  0%| F|  |TAMS 0x000000070ac00000, 0x000000070ac00000| Untracked 
| 105|0x000000070ad00000, 0x000000070ad00000, 0x000000070ae00000|  0%| F|  |TAMS 0x000000070ad00000, 0x000000070ad00000| Untracked 
| 106|0x000000070ae00000, 0x000000070ae00000, 0x000000070af00000|  0%| F|  |TAMS 0x000000070ae00000, 0x000000070ae00000| Untracked 
| 107|0x000000070af00000, 0x000000070af00000, 0x000000070b000000|  0%| F|  |TAMS 0x000000070af00000, 0x000000070af00000| Untracked 
| 108|0x000000070b000000, 0x000000070b000000, 0x000000070b100000|  0%| F|  |TAMS 0x000000070b000000, 0x000000070b000000| Untracked 
| 109|0x000000070b100000, 0x000000070b100000, 0x000000070b200000|  0%| F|  |TAMS 0x000000070b100000, 0x000000070b100000| Untracked 
| 110|0x000000070b200000, 0x000000070b200000, 0x000000070b300000|  0%| F|  |TAMS 0x000000070b200000, 0x000000070b200000| Untracked 
| 111|0x000000070b300000, 0x000000070b300000, 0x000000070b400000|  0%| F|  |TAMS 0x000000070b300000, 0x000000070b300000| Untracked 
| 112|0x000000070b400000, 0x000000070b400000, 0x000000070b500000|  0%| F|  |TAMS 0x000000070b400000, 0x000000070b400000| Untracked 
| 113|0x000000070b500000, 0x000000070b500000, 0x000000070b600000|  0%| F|  |TAMS 0x000000070b500000, 0x000000070b500000| Untracked 
| 114|0x000000070b600000, 0x000000070b600000, 0x000000070b700000|  0%| F|  |TAMS 0x000000070b600000, 0x000000070b600000| Untracked 
| 115|0x000000070b700000, 0x000000070b700000, 0x000000070b800000|  0%| F|  |TAMS 0x000000070b700000, 0x000000070b700000| Untracked 
| 116|0x000000070b800000, 0x000000070b800000, 0x000000070b900000|  0%| F|  |TAMS 0x000000070b800000, 0x000000070b800000| Untracked 
| 117|0x000000070b900000, 0x000000070b900000, 0x000000070ba00000|  0%| F|  |TAMS 0x000000070b900000, 0x000000070b900000| Untracked 
| 118|0x000000070ba00000, 0x000000070ba00000, 0x000000070bb00000|  0%| F|  |TAMS 0x000000070ba00000, 0x000000070ba00000| Untracked 
| 119|0x000000070bb00000, 0x000000070bb00000, 0x000000070bc00000|  0%| F|  |TAMS 0x000000070bb00000, 0x000000070bb00000| Untracked 
| 120|0x000000070bc00000, 0x000000070bc00000, 0x000000070bd00000|  0%| F|  |TAMS 0x000000070bc00000, 0x000000070bc00000| Untracked 
| 121|0x000000070bd00000, 0x000000070bd00000, 0x000000070be00000|  0%| F|  |TAMS 0x000000070bd00000, 0x000000070bd00000| Untracked 
| 122|0x000000070be00000, 0x000000070be00000, 0x000000070bf00000|  0%| F|  |TAMS 0x000000070be00000, 0x000000070be00000| Untracked 
| 123|0x000000070bf00000, 0x000000070bf00000, 0x000000070c000000|  0%| F|  |TAMS 0x000000070bf00000, 0x000000070bf00000| Untracked 
| 124|0x000000070c000000, 0x000000070c000000, 0x000000070c100000|  0%| F|  |TAMS 0x000000070c000000, 0x000000070c000000| Untracked 
| 125|0x000000070c100000, 0x000000070c100000, 0x000000070c200000|  0%| F|  |TAMS 0x000000070c100000, 0x000000070c100000| Untracked 
| 126|0x000000070c200000, 0x000000070c200000, 0x000000070c300000|  0%| F|  |TAMS 0x000000070c200000, 0x000000070c200000| Untracked 
| 127|0x000000070c300000, 0x000000070c300000, 0x000000070c400000|  0%| F|  |TAMS 0x000000070c300000, 0x000000070c300000| Untracked 
| 128|0x000000070c400000, 0x000000070c400000, 0x000000070c500000|  0%| F|  |TAMS 0x000000070c400000, 0x000000070c400000| Untracked 
| 129|0x000000070c500000, 0x000000070c500000, 0x000000070c600000|  0%| F|  |TAMS 0x000000070c500000, 0x000000070c500000| Untracked 
| 130|0x000000070c600000, 0x000000070c600000, 0x000000070c700000|  0%| F|  |TAMS 0x000000070c600000, 0x000000070c600000| Untracked 
| 131|0x000000070c700000, 0x000000070c700000, 0x000000070c800000|  0%| F|  |TAMS 0x000000070c700000, 0x000000070c700000| Untracked 
| 132|0x000000070c800000, 0x000000070c800000, 0x000000070c900000|  0%| F|  |TAMS 0x000000070c800000, 0x000000070c800000| Untracked 
| 133|0x000000070c900000, 0x000000070c900000, 0x000000070ca00000|  0%| F|  |TAMS 0x000000070c900000, 0x000000070c900000| Untracked 
| 134|0x000000070ca00000, 0x000000070ca00000, 0x000000070cb00000|  0%| F|  |TAMS 0x000000070ca00000, 0x000000070ca00000| Untracked 
| 135|0x000000070cb00000, 0x000000070cb00000, 0x000000070cc00000|  0%| F|  |TAMS 0x000000070cb00000, 0x000000070cb00000| Untracked 
| 136|0x000000070cc00000, 0x000000070cc00000, 0x000000070cd00000|  0%| F|  |TAMS 0x000000070cc00000, 0x000000070cc00000| Untracked 
| 137|0x000000070cd00000, 0x000000070cd00000, 0x000000070ce00000|  0%| F|  |TAMS 0x000000070cd00000, 0x000000070cd00000| Untracked 
| 138|0x000000070ce00000, 0x000000070ce00000, 0x000000070cf00000|  0%| F|  |TAMS 0x000000070ce00000, 0x000000070ce00000| Untracked 
| 139|0x000000070cf00000, 0x000000070cf00000, 0x000000070d000000|  0%| F|  |TAMS 0x000000070cf00000, 0x000000070cf00000| Untracked 
| 140|0x000000070d000000, 0x000000070d000000, 0x000000070d100000|  0%| F|  |TAMS 0x000000070d000000, 0x000000070d000000| Untracked 
| 141|0x000000070d100000, 0x000000070d100000, 0x000000070d200000|  0%| F|  |TAMS 0x000000070d100000, 0x000000070d100000| Untracked 
| 142|0x000000070d200000, 0x000000070d200000, 0x000000070d300000|  0%| F|  |TAMS 0x000000070d200000, 0x000000070d200000| Untracked 
| 143|0x000000070d300000, 0x000000070d300000, 0x000000070d400000|  0%| F|  |TAMS 0x000000070d300000, 0x000000070d300000| Untracked 
| 144|0x000000070d400000, 0x000000070d400000, 0x000000070d500000|  0%| F|  |TAMS 0x000000070d400000, 0x000000070d400000| Untracked 
| 145|0x000000070d500000, 0x000000070d500000, 0x000000070d600000|  0%| F|  |TAMS 0x000000070d500000, 0x000000070d500000| Untracked 
| 146|0x000000070d600000, 0x000000070d600000, 0x000000070d700000|  0%| F|  |TAMS 0x000000070d600000, 0x000000070d600000| Untracked 
| 147|0x000000070d700000, 0x000000070d700000, 0x000000070d800000|  0%| F|  |TAMS 0x000000070d700000, 0x000000070d700000| Untracked 
| 148|0x000000070d800000, 0x000000070d800000, 0x000000070d900000|  0%| F|  |TAMS 0x000000070d800000, 0x000000070d800000| Untracked 
| 149|0x000000070d900000, 0x000000070d900000, 0x000000070da00000|  0%| F|  |TAMS 0x000000070d900000, 0x000000070d900000| Untracked 
| 150|0x000000070da00000, 0x000000070da00000, 0x000000070db00000|  0%| F|  |TAMS 0x000000070da00000, 0x000000070da00000| Untracked 
| 151|0x000000070db00000, 0x000000070db00000, 0x000000070dc00000|  0%| F|  |TAMS 0x000000070db00000, 0x000000070db00000| Untracked 
| 152|0x000000070dc00000, 0x000000070dc00000, 0x000000070dd00000|  0%| F|  |TAMS 0x000000070dc00000, 0x000000070dc00000| Untracked 
| 153|0x000000070dd00000, 0x000000070dd00000, 0x000000070de00000|  0%| F|  |TAMS 0x000000070dd00000, 0x000000070dd00000| Untracked 
| 154|0x000000070de00000, 0x000000070de00000, 0x000000070df00000|  0%| F|  |TAMS 0x000000070de00000, 0x000000070de00000| Untracked 
| 155|0x000000070df00000, 0x000000070df00000, 0x000000070e000000|  0%| F|  |TAMS 0x000000070df00000, 0x000000070df00000| Untracked 
| 156|0x000000070e000000, 0x000000070e000000, 0x000000070e100000|  0%| F|  |TAMS 0x000000070e000000, 0x000000070e000000| Untracked 
| 157|0x000000070e100000, 0x000000070e100000, 0x000000070e200000|  0%| F|  |TAMS 0x000000070e100000, 0x000000070e100000| Untracked 
| 158|0x000000070e200000, 0x000000070e200000, 0x000000070e300000|  0%| F|  |TAMS 0x000000070e200000, 0x000000070e200000| Untracked 
| 159|0x000000070e300000, 0x000000070e300000, 0x000000070e400000|  0%| F|  |TAMS 0x000000070e300000, 0x000000070e300000| Untracked 
| 160|0x000000070e400000, 0x000000070e400000, 0x000000070e500000|  0%| F|  |TAMS 0x000000070e400000, 0x000000070e400000| Untracked 
| 161|0x000000070e500000, 0x000000070e500000, 0x000000070e600000|  0%| F|  |TAMS 0x000000070e500000, 0x000000070e500000| Untracked 
| 162|0x000000070e600000, 0x000000070e600000, 0x000000070e700000|  0%| F|  |TAMS 0x000000070e600000, 0x000000070e600000| Untracked 
| 163|0x000000070e700000, 0x000000070e700000, 0x000000070e800000|  0%| F|  |TAMS 0x000000070e700000, 0x000000070e700000| Untracked 
| 164|0x000000070e800000, 0x000000070e800000, 0x000000070e900000|  0%| F|  |TAMS 0x000000070e800000, 0x000000070e800000| Untracked 
| 165|0x000000070e900000, 0x000000070e900000, 0x000000070ea00000|  0%| F|  |TAMS 0x000000070e900000, 0x000000070e900000| Untracked 
| 166|0x000000070ea00000, 0x000000070ea00000, 0x000000070eb00000|  0%| F|  |TAMS 0x000000070ea00000, 0x000000070ea00000| Untracked 
| 167|0x000000070eb00000, 0x000000070eb00000, 0x000000070ec00000|  0%| F|  |TAMS 0x000000070eb00000, 0x000000070eb00000| Untracked 
| 168|0x000000070ec00000, 0x000000070ec00000, 0x000000070ed00000|  0%| F|  |TAMS 0x000000070ec00000, 0x000000070ec00000| Untracked 
| 169|0x000000070ed00000, 0x000000070ed00000, 0x000000070ee00000|  0%| F|  |TAMS 0x000000070ed00000, 0x000000070ed00000| Untracked 
| 170|0x000000070ee00000, 0x000000070ee00000, 0x000000070ef00000|  0%| F|  |TAMS 0x000000070ee00000, 0x000000070ee00000| Untracked 
| 171|0x000000070ef00000, 0x000000070ef00000, 0x000000070f000000|  0%| F|  |TAMS 0x000000070ef00000, 0x000000070ef00000| Untracked 
| 172|0x000000070f000000, 0x000000070f000000, 0x000000070f100000|  0%| F|  |TAMS 0x000000070f000000, 0x000000070f000000| Untracked 
| 173|0x000000070f100000, 0x000000070f100000, 0x000000070f200000|  0%| F|  |TAMS 0x000000070f100000, 0x000000070f100000| Untracked 
| 174|0x000000070f200000, 0x000000070f200000, 0x000000070f300000|  0%| F|  |TAMS 0x000000070f200000, 0x000000070f200000| Untracked 
| 175|0x000000070f300000, 0x000000070f300000, 0x000000070f400000|  0%| F|  |TAMS 0x000000070f300000, 0x000000070f300000| Untracked 
| 176|0x000000070f400000, 0x000000070f400000, 0x000000070f500000|  0%| F|  |TAMS 0x000000070f400000, 0x000000070f400000| Untracked 
| 177|0x000000070f500000, 0x000000070f500000, 0x000000070f600000|  0%| F|  |TAMS 0x000000070f500000, 0x000000070f500000| Untracked 
| 178|0x000000070f600000, 0x000000070f600000, 0x000000070f700000|  0%| F|  |TAMS 0x000000070f600000, 0x000000070f600000| Untracked 
| 179|0x000000070f700000, 0x000000070f700000, 0x000000070f800000|  0%| F|  |TAMS 0x000000070f700000, 0x000000070f700000| Untracked 
| 180|0x000000070f800000, 0x000000070f800000, 0x000000070f900000|  0%| F|  |TAMS 0x000000070f800000, 0x000000070f800000| Untracked 
| 181|0x000000070f900000, 0x000000070f900000, 0x000000070fa00000|  0%| F|  |TAMS 0x000000070f900000, 0x000000070f900000| Untracked 
| 182|0x000000070fa00000, 0x000000070fa00000, 0x000000070fb00000|  0%| F|  |TAMS 0x000000070fa00000, 0x000000070fa00000| Untracked 
| 183|0x000000070fb00000, 0x000000070fb00000, 0x000000070fc00000|  0%| F|  |TAMS 0x000000070fb00000, 0x000000070fb00000| Untracked 
| 184|0x000000070fc00000, 0x000000070fc00000, 0x000000070fd00000|  0%| F|  |TAMS 0x000000070fc00000, 0x000000070fc00000| Untracked 
| 185|0x000000070fd00000, 0x000000070fd00000, 0x000000070fe00000|  0%| F|  |TAMS 0x000000070fd00000, 0x000000070fd00000| Untracked 
| 186|0x000000070fe00000, 0x000000070fe00000, 0x000000070ff00000|  0%| F|  |TAMS 0x000000070fe00000, 0x000000070fe00000| Untracked 
| 187|0x000000070ff00000, 0x000000070ff00000, 0x0000000710000000|  0%| F|  |TAMS 0x000000070ff00000, 0x000000070ff00000| Untracked 
| 188|0x0000000710000000, 0x0000000710000000, 0x0000000710100000|  0%| F|  |TAMS 0x0000000710000000, 0x0000000710000000| Untracked 
| 189|0x0000000710100000, 0x0000000710100000, 0x0000000710200000|  0%| F|  |TAMS 0x0000000710100000, 0x0000000710100000| Untracked 
| 190|0x0000000710200000, 0x0000000710200000, 0x0000000710300000|  0%| F|  |TAMS 0x0000000710200000, 0x0000000710200000| Untracked 
| 191|0x0000000710300000, 0x0000000710300000, 0x0000000710400000|  0%| F|  |TAMS 0x0000000710300000, 0x0000000710300000| Untracked 
| 192|0x0000000710400000, 0x0000000710400000, 0x0000000710500000|  0%| F|  |TAMS 0x0000000710400000, 0x0000000710400000| Untracked 
| 193|0x0000000710500000, 0x0000000710500000, 0x0000000710600000|  0%| F|  |TAMS 0x0000000710500000, 0x0000000710500000| Untracked 
| 194|0x0000000710600000, 0x0000000710600000, 0x0000000710700000|  0%| F|  |TAMS 0x0000000710600000, 0x0000000710600000| Untracked 
| 195|0x0000000710700000, 0x0000000710700000, 0x0000000710800000|  0%| F|  |TAMS 0x0000000710700000, 0x0000000710700000| Untracked 
| 196|0x0000000710800000, 0x0000000710800000, 0x0000000710900000|  0%| F|  |TAMS 0x0000000710800000, 0x0000000710800000| Untracked 
| 197|0x0000000710900000, 0x0000000710900000, 0x0000000710a00000|  0%| F|  |TAMS 0x0000000710900000, 0x0000000710900000| Untracked 
| 198|0x0000000710a00000, 0x0000000710a00000, 0x0000000710b00000|  0%| F|  |TAMS 0x0000000710a00000, 0x0000000710a00000| Untracked 
| 199|0x0000000710b00000, 0x0000000710b00000, 0x0000000710c00000|  0%| F|  |TAMS 0x0000000710b00000, 0x0000000710b00000| Untracked 
| 200|0x0000000710c00000, 0x0000000710c00000, 0x0000000710d00000|  0%| F|  |TAMS 0x0000000710c00000, 0x0000000710c00000| Untracked 
| 201|0x0000000710d00000, 0x0000000710d00000, 0x0000000710e00000|  0%| F|  |TAMS 0x0000000710d00000, 0x0000000710d00000| Untracked 
| 202|0x0000000710e00000, 0x0000000710e00000, 0x0000000710f00000|  0%| F|  |TAMS 0x0000000710e00000, 0x0000000710e00000| Untracked 
| 203|0x0000000710f00000, 0x0000000710f00000, 0x0000000711000000|  0%| F|  |TAMS 0x0000000710f00000, 0x0000000710f00000| Untracked 
| 204|0x0000000711000000, 0x0000000711000000, 0x0000000711100000|  0%| F|  |TAMS 0x0000000711000000, 0x0000000711000000| Untracked 
| 205|0x0000000711100000, 0x0000000711100000, 0x0000000711200000|  0%| F|  |TAMS 0x0000000711100000, 0x0000000711100000| Untracked 
| 206|0x0000000711200000, 0x0000000711200000, 0x0000000711300000|  0%| F|  |TAMS 0x0000000711200000, 0x0000000711200000| Untracked 
| 207|0x0000000711300000, 0x0000000711300000, 0x0000000711400000|  0%| F|  |TAMS 0x0000000711300000, 0x0000000711300000| Untracked 
| 208|0x0000000711400000, 0x0000000711400000, 0x0000000711500000|  0%| F|  |TAMS 0x0000000711400000, 0x0000000711400000| Untracked 
| 209|0x0000000711500000, 0x0000000711500000, 0x0000000711600000|  0%| F|  |TAMS 0x0000000711500000, 0x0000000711500000| Untracked 
| 210|0x0000000711600000, 0x0000000711600000, 0x0000000711700000|  0%| F|  |TAMS 0x0000000711600000, 0x0000000711600000| Untracked 
| 211|0x0000000711700000, 0x0000000711700000, 0x0000000711800000|  0%| F|  |TAMS 0x0000000711700000, 0x0000000711700000| Untracked 
| 212|0x0000000711800000, 0x0000000711800000, 0x0000000711900000|  0%| F|  |TAMS 0x0000000711800000, 0x0000000711800000| Untracked 
| 213|0x0000000711900000, 0x0000000711900000, 0x0000000711a00000|  0%| F|  |TAMS 0x0000000711900000, 0x0000000711900000| Untracked 
| 214|0x0000000711a00000, 0x0000000711a00000, 0x0000000711b00000|  0%| F|  |TAMS 0x0000000711a00000, 0x0000000711a00000| Untracked 
| 215|0x0000000711b00000, 0x0000000711b00000, 0x0000000711c00000|  0%| F|  |TAMS 0x0000000711b00000, 0x0000000711b00000| Untracked 
| 216|0x0000000711c00000, 0x0000000711c00000, 0x0000000711d00000|  0%| F|  |TAMS 0x0000000711c00000, 0x0000000711c00000| Untracked 
| 217|0x0000000711d00000, 0x0000000711d00000, 0x0000000711e00000|  0%| F|  |TAMS 0x0000000711d00000, 0x0000000711d00000| Untracked 
| 218|0x0000000711e00000, 0x0000000711e00000, 0x0000000711f00000|  0%| F|  |TAMS 0x0000000711e00000, 0x0000000711e00000| Untracked 
| 219|0x0000000711f00000, 0x0000000711f00000, 0x0000000712000000|  0%| F|  |TAMS 0x0000000711f00000, 0x0000000711f00000| Untracked 
| 220|0x0000000712000000, 0x0000000712000000, 0x0000000712100000|  0%| F|  |TAMS 0x0000000712000000, 0x0000000712000000| Untracked 
| 221|0x0000000712100000, 0x0000000712100000, 0x0000000712200000|  0%| F|  |TAMS 0x0000000712100000, 0x0000000712100000| Untracked 
| 222|0x0000000712200000, 0x0000000712200000, 0x0000000712300000|  0%| F|  |TAMS 0x0000000712200000, 0x0000000712200000| Untracked 
| 223|0x0000000712300000, 0x0000000712300000, 0x0000000712400000|  0%| F|  |TAMS 0x0000000712300000, 0x0000000712300000| Untracked 
| 224|0x0000000712400000, 0x0000000712400000, 0x0000000712500000|  0%| F|  |TAMS 0x0000000712400000, 0x0000000712400000| Untracked 
| 225|0x0000000712500000, 0x0000000712500000, 0x0000000712600000|  0%| F|  |TAMS 0x0000000712500000, 0x0000000712500000| Untracked 
| 226|0x0000000712600000, 0x0000000712600000, 0x0000000712700000|  0%| F|  |TAMS 0x0000000712600000, 0x0000000712600000| Untracked 
| 227|0x0000000712700000, 0x0000000712700000, 0x0000000712800000|  0%| F|  |TAMS 0x0000000712700000, 0x0000000712700000| Untracked 
| 228|0x0000000712800000, 0x0000000712800000, 0x0000000712900000|  0%| F|  |TAMS 0x0000000712800000, 0x0000000712800000| Untracked 
| 229|0x0000000712900000, 0x0000000712900000, 0x0000000712a00000|  0%| F|  |TAMS 0x0000000712900000, 0x0000000712900000| Untracked 
| 230|0x0000000712a00000, 0x0000000712a00000, 0x0000000712b00000|  0%| F|  |TAMS 0x0000000712a00000, 0x0000000712a00000| Untracked 
| 231|0x0000000712b00000, 0x0000000712b00000, 0x0000000712c00000|  0%| F|  |TAMS 0x0000000712b00000, 0x0000000712b00000| Untracked 
| 232|0x0000000712c00000, 0x0000000712c00000, 0x0000000712d00000|  0%| F|  |TAMS 0x0000000712c00000, 0x0000000712c00000| Untracked 
| 233|0x0000000712d00000, 0x0000000712d00000, 0x0000000712e00000|  0%| F|  |TAMS 0x0000000712d00000, 0x0000000712d00000| Untracked 
| 234|0x0000000712e00000, 0x0000000712e00000, 0x0000000712f00000|  0%| F|  |TAMS 0x0000000712e00000, 0x0000000712e00000| Untracked 
| 235|0x0000000712f00000, 0x0000000712f00000, 0x0000000713000000|  0%| F|  |TAMS 0x0000000712f00000, 0x0000000712f00000| Untracked 
| 236|0x0000000713000000, 0x0000000713000000, 0x0000000713100000|  0%| F|  |TAMS 0x0000000713000000, 0x0000000713000000| Untracked 
| 237|0x0000000713100000, 0x0000000713100000, 0x0000000713200000|  0%| F|  |TAMS 0x0000000713100000, 0x0000000713100000| Untracked 
| 238|0x0000000713200000, 0x0000000713200000, 0x0000000713300000|  0%| F|  |TAMS 0x0000000713200000, 0x0000000713200000| Untracked 
| 239|0x0000000713300000, 0x0000000713300000, 0x0000000713400000|  0%| F|  |TAMS 0x0000000713300000, 0x0000000713300000| Untracked 
| 240|0x0000000713400000, 0x0000000713400000, 0x0000000713500000|  0%| F|  |TAMS 0x0000000713400000, 0x0000000713400000| Untracked 
| 241|0x0000000713500000, 0x0000000713500000, 0x0000000713600000|  0%| F|  |TAMS 0x0000000713500000, 0x0000000713500000| Untracked 
| 242|0x0000000713600000, 0x0000000713600000, 0x0000000713700000|  0%| F|  |TAMS 0x0000000713600000, 0x0000000713600000| Untracked 
| 243|0x0000000713700000, 0x0000000713700000, 0x0000000713800000|  0%| F|  |TAMS 0x0000000713700000, 0x0000000713700000| Untracked 
| 244|0x0000000713800000, 0x0000000713800000, 0x0000000713900000|  0%| F|  |TAMS 0x0000000713800000, 0x0000000713800000| Untracked 
| 245|0x0000000713900000, 0x0000000713900000, 0x0000000713a00000|  0%| F|  |TAMS 0x0000000713900000, 0x0000000713900000| Untracked 
| 246|0x0000000713a00000, 0x0000000713a00000, 0x0000000713b00000|  0%| F|  |TAMS 0x0000000713a00000, 0x0000000713a00000| Untracked 
| 247|0x0000000713b00000, 0x0000000713bf7e18, 0x0000000713c00000| 96%| E|  |TAMS 0x0000000713b00000, 0x0000000713b00000| Complete 
| 248|0x0000000713c00000, 0x0000000713d00000, 0x0000000713d00000|100%| E|CS|TAMS 0x0000000713c00000, 0x0000000713c00000| Complete 
| 249|0x0000000713d00000, 0x0000000713e00000, 0x0000000713e00000|100%| E|CS|TAMS 0x0000000713d00000, 0x0000000713d00000| Complete 
| 250|0x0000000713e00000, 0x0000000713f00000, 0x0000000713f00000|100%| E|CS|TAMS 0x0000000713e00000, 0x0000000713e00000| Complete 
| 251|0x0000000713f00000, 0x0000000714000000, 0x0000000714000000|100%| E|CS|TAMS 0x0000000713f00000, 0x0000000713f00000| Complete 

Card table byte_map: [0x00000244f0830000,0x00000244f1010000] _byte_map_base: 0x00000244ed00e000

Marking Bits (Prev, Next): (CMBitMap*) 0x00000244d68257b8, (CMBitMap*) 0x00000244d68257f0
 Prev Bits: [0x00000244f17f0000, 0x00000244f56e0000)
 Next Bits: [0x00000244f56e0000, 0x00000244f95d0000)

Polling page: 0x00000244d68a0000

Metaspace:

Usage:
  Non-class:      6.36 MB capacity,     6.30 MB (>99%) used,    51.00 KB ( <1%) free+waste,    12.19 KB ( <1%) overhead. 
      Class:    708.00 KB capacity,   643.06 KB ( 91%) used,    58.69 KB (  8%) free+waste,     6.25 KB ( <1%) overhead. 
       Both:      7.05 MB capacity,     6.92 MB ( 98%) used,   109.69 KB (  2%) free+waste,    18.44 KB ( <1%) overhead. 

Virtual space:
  Non-class space:        8.00 MB reserved,       6.50 MB ( 81%) committed 
      Class space:        1.00 GB reserved,     768.00 KB ( <1%) committed 
             Both:        1.01 GB reserved,       7.25 MB ( <1%) committed 

Chunk freelists:
   Non-Class:  2.25 KB
       Class:  0 bytes
        Both:  2.25 KB

CodeHeap 'non-profiled nmethods': size=120000Kb used=137Kb max_used=137Kb free=119862Kb
 bounds [0x00000244e7e80000, 0x00000244e80f0000, 0x00000244ef3b0000]
CodeHeap 'profiled nmethods': size=120000Kb used=667Kb max_used=667Kb free=119332Kb
 bounds [0x00000244e0950000, 0x00000244e0bc0000, 0x00000244e7e80000]
CodeHeap 'non-nmethods': size=5760Kb used=1154Kb max_used=1172Kb free=4605Kb
 bounds [0x00000244e03b0000, 0x00000244e0620000, 0x00000244e0950000]
 total_blobs=798 nmethods=445 adapters=273
 compilation: enabled
              stopped_count=0, restarted_count=0
 full_count=0

Compilation events (10 events):
Event: 0.782 Thread 0x00000244fcc5a800 nmethod 442 0x00000244e7ea1810 code [0x00000244e7ea19c0, 0x00000244e7ea1bb8]
Event: 0.782 Thread 0x00000244fcc5a800  443       4       Day17.Day17Solver$$Lambda$24/0x00000008000b0c40::test (12 bytes)
Event: 0.783 Thread 0x00000244fcc68000 nmethod 444 0x00000244e09f5e10 code [0x00000244e09f6020, 0x00000244e09f6670]
Event: 0.783 Thread 0x00000244fcc68000  441       1       java.util.stream.AbstractPipeline::getStreamAndOpFlags (5 bytes)
Event: 0.783 Thread 0x00000244fcc68000 nmethod 441 0x00000244e7ea1d90 code [0x00000244e7ea1f20, 0x00000244e7ea2038]
Event: 0.783 Thread 0x00000244fcc68000  434       3       java.lang.invoke.LambdaForm::uncustomize (57 bytes)
Event: 0.783 Thread 0x00000244fcc68000 nmethod 434 0x00000244e09f6910 code [0x00000244e09f6ae0, 0x00000244e09f6e50]
Event: 0.783 Thread 0x00000244fcc5a800 nmethod 443 0x00000244e7ea2090 code [0x00000244e7ea2220, 0x00000244e7ea22d8]
Event: 1579.453 Thread 0x00000244fcc68000  445       1       java.util.ArrayList::size (5 bytes)
Event: 1579.453 Thread 0x00000244fcc68000 nmethod 445 0x00000244e7ea2390 code [0x00000244e7ea2520, 0x00000244e7ea2638]

GC Heap History (0 events):
No events

Deoptimization events (7 events):
Event: 0.288 Thread 0x00000244d67c5800 Uncommon trap: reason=unstable_if action=reinterpret pc=0x00000244e7e84dfc method=java.lang.String.isLatin1()Z @ 10 c2
Event: 0.331 Thread 0x00000244d67c5800 Uncommon trap: reason=unstable_if action=reinterpret pc=0x00000244e7e8d2fc method=java.lang.String.isLatin1()Z @ 10 c2
Event: 0.575 Thread 0x00000244d67c5800 Uncommon trap: reason=unstable_if action=reinterpret pc=0x00000244e7e91e64 method=Day17.Day17Solver.isXSolution(III)LDay17/Day17Solver$Hit; @ 2 c2
Event: 0.589 Thread 0x00000244d67c5800 Uncommon trap: reason=bimorphic_or_optimized_type_check action=maybe_recompile pc=0x00000244e7e88c14 method=java.util.AbstractCollection.isEmpty()Z @ 1 c2
Event: 0.589 Thread 0x00000244d67c5800 Uncommon trap: reason=bimorphic_or_optimized_type_check action=maybe_recompile pc=0x00000244e7e88c14 method=java.util.AbstractCollection.isEmpty()Z @ 1 c2
Event: 0.589 Thread 0x00000244d67c5800 Uncommon trap: reason=bimorphic_or_optimized_type_check action=maybe_recompile pc=0x00000244e7e88c14 method=java.util.AbstractCollection.isEmpty()Z @ 1 c2
Event: 0.591 Thread 0x00000244d67c5800 Uncommon trap: reason=bimorphic_or_optimized_type_check action=maybe_recompile pc=0x00000244e7e88c14 method=java.util.AbstractCollection.isEmpty()Z @ 1 c2

Classes redefined (10 events):
Event: 453.899 Thread 0x00000244fc352000 redefined class name=Day17.Day17Solver, count=6
Event: 453.901 Thread 0x00000244fc352000 redefined class name=Day17.Day17Solver$Hit, count=6
Event: 468.072 Thread 0x00000244fc352000 redefined class name=Day17.Day17Solver, count=7
Event: 468.074 Thread 0x00000244fc352000 redefined class name=Day17.Day17Solver$Hit, count=7
Event: 477.298 Thread 0x00000244fc352000 redefined class name=Day17.Day17Solver, count=8
Event: 477.300 Thread 0x00000244fc352000 redefined class name=Day17.Day17Solver$Hit, count=8
Event: 570.670 Thread 0x00000244fc352000 redefined class name=Day17.Day17Solver, count=9
Event: 570.672 Thread 0x00000244fc352000 redefined class name=Day17.Day17Solver$Hit, count=9
Event: 1301.559 Thread 0x00000244fc352000 redefined class name=Day17.Day17Solver, count=10
Event: 1301.561 Thread 0x00000244fc352000 redefined class name=Day17.Day17Solver$Hit, count=10

Internal exceptions (7 events):
Event: 0.422 Thread 0x00000244d67c5800 Exception <a 'java/lang/IncompatibleClassChangeError'{0x0000000713d83eb0}: Found class java.lang.Object, but interface was expected> (0x0000000713d83eb0) thrown at [./open/src/hotspot/share/interpreter/linkResolver.cpp, line 838]
Event: 0.609 Thread 0x00000244d67c5800 Exception <a 'java/lang/NoSuchMethodError'{0x0000000713c41e38}: java.lang.invoke.DirectMethodHandle$Holder.invokeStatic(Ljava/lang/Object;Ljava/lang/Object;Ljava/lang/Object;Ljava/lang/Object;Ljava/lang/Object;Ljava/lang/Object;Ljava/lang/Object;Ljava/lan
Event: 0.612 Thread 0x00000244d67c5800 Exception <a 'java/lang/NoSuchMethodError'{0x0000000713c58300}: java.lang.invoke.DirectMethodHandle$Holder.invokeStatic(Ljava/lang/Object;Ljava/lang/Object;Ljava/lang/Object;Ljava/lang/Object;Ljava/lang/Object;Ljava/lang/Object;Ljava/lang/Object;Ljava/lan
Event: 0.614 Thread 0x00000244d67c5800 Exception <a 'java/lang/NoSuchMethodError'{0x0000000713c69680}: java.lang.invoke.DelegatingMethodHandle$Holder.reinvoke_L(Ljava/lang/Object;Ljava/lang/Object;IIIIIIILjava/lang/Object;)Ljava/lang/Object;> (0x0000000713c69680) thrown at [./open/src/hotspot/
Event: 0.626 Thread 0x00000244d67c5800 Exception <a 'java/lang/NoSuchMethodError'{0x0000000713cc8328}: java.lang.invoke.DirectMethodHandle$Holder.invokeSpecial(Ljava/lang/Object;Ljava/lang/Object;IIIIIIIILjava/lang/Object;)Ljava/lang/Object;> (0x0000000713cc8328) thrown at [./open/src/hotspot/
Event: 0.626 Thread 0x00000244d67c5800 Exception <a 'java/lang/NoSuchMethodError'{0x0000000713ccb9a8}: java.lang.invoke.DelegatingMethodHandle$Holder.reinvoke_L(Ljava/lang/Object;IIIIIIIILjava/lang/Object;)Ljava/lang/Object;> (0x0000000713ccb9a8) thrown at [./open/src/hotspot/share/interpreter
Event: 0.627 Thread 0x00000244d67c5800 Exception <a 'java/lang/NoSuchMethodError'{0x0000000713cd57e8}: java.lang.invoke.DirectMethodHandle$Holder.invokeStatic(Ljava/lang/Object;Ljava/lang/Object;Ljava/lang/Object;Ljava/lang/Object;Ljava/lang/Object;I)Ljava/lang/Object;> (0x0000000713cd57e8) th

Events (10 events):
Event: 1591.118 Executing VM operation: GetStackTrace done
Event: 1591.217 Executing VM operation: ChangeBreakpoints
Event: 1591.217 Executing VM operation: ChangeBreakpoints done
Event: 1591.262 Executing VM operation: GetFrameCount
Event: 1591.262 Executing VM operation: GetFrameCount done
Event: 1591.263 Executing VM operation: GetStackTrace
Event: 1591.263 Executing VM operation: GetStackTrace done
Event: 1591.359 Executing VM operation: GetFrameLocation
Event: 1591.359 Executing VM operation: GetFrameLocation done
Event: 1591.359 Executing VM operation: GetOrSetLocal


Dynamic libraries:
0x00007ff6fa2e0000 - 0x00007ff6fa2ef000 	C:\Program Files\Java\jdk-11.0.8\bin\java.exe
0x00007ffc043a0000 - 0x00007ffc045a7000 	C:\WINDOWS\SYSTEM32\ntdll.dll
0x00007ffbe1120000 - 0x00007ffbe1136000 	C:\Program Files\Avast Software\Avast\aswhook.dll
0x00007ffc03d30000 - 0x00007ffc03ded000 	C:\WINDOWS\System32\KERNEL32.DLL
0x00007ffc01920000 - 0x00007ffc01c94000 	C:\WINDOWS\System32\KERNELBASE.dll
0x00007ffc01f70000 - 0x00007ffc02081000 	C:\WINDOWS\System32\ucrtbase.dll
0x00007ffbfa340000 - 0x00007ffbfa355000 	C:\Program Files\Java\jdk-11.0.8\bin\VCRUNTIME140.dll
0x00007ffbfa360000 - 0x00007ffbfa378000 	C:\Program Files\Java\jdk-11.0.8\bin\jli.dll
0x00007ffc03ac0000 - 0x00007ffc03b6c000 	C:\WINDOWS\System32\ADVAPI32.dll
0x00007ffc02bf0000 - 0x00007ffc02c93000 	C:\WINDOWS\System32\msvcrt.dll
0x00007ffc038d0000 - 0x00007ffc0396d000 	C:\WINDOWS\System32\sechost.dll
0x00007ffc03ea0000 - 0x00007ffc03fc1000 	C:\WINDOWS\System32\RPCRT4.dll
0x00007ffc02ca0000 - 0x00007ffc02e4c000 	C:\WINDOWS\System32\USER32.dll
0x00007ffc01dd0000 - 0x00007ffc01df6000 	C:\WINDOWS\System32\win32u.dll
0x00007ffbe0b30000 - 0x00007ffbe0dd5000 	C:\WINDOWS\WinSxS\amd64_microsoft.windows.common-controls_6595b64144ccf1df_6.0.22000.120_none_9d947278b86cc467\COMCTL32.dll
0x00007ffc03010000 - 0x00007ffc03039000 	C:\WINDOWS\System32\GDI32.dll
0x00007ffc02110000 - 0x00007ffc02222000 	C:\WINDOWS\System32\gdi32full.dll
0x00007ffc01880000 - 0x00007ffc0191d000 	C:\WINDOWS\System32\msvcp_win.dll
0x00007ffbf3da0000 - 0x00007ffbf3daa000 	C:\WINDOWS\SYSTEM32\VERSION.dll
0x00007ffc03df0000 - 0x00007ffc03e21000 	C:\WINDOWS\System32\IMM32.DLL
0x00007ffbee920000 - 0x00007ffbee9bb000 	C:\Program Files\Java\jdk-11.0.8\bin\msvcp140.dll
0x00007ffba2150000 - 0x00007ffba2c36000 	C:\Program Files\Java\jdk-11.0.8\bin\server\jvm.dll
0x00007ffc04350000 - 0x00007ffc04358000 	C:\WINDOWS\System32\PSAPI.DLL
0x00007ffbfb590000 - 0x00007ffbfb5c3000 	C:\WINDOWS\SYSTEM32\WINMM.dll
0x00007ffbeb310000 - 0x00007ffbeb319000 	C:\WINDOWS\SYSTEM32\WSOCK32.dll
0x00007ffc032d0000 - 0x00007ffc0333f000 	C:\WINDOWS\System32\WS2_32.dll
0x00007ffc00a90000 - 0x00007ffc00aa8000 	C:\WINDOWS\SYSTEM32\kernel.appcore.dll
0x00007ffbfa330000 - 0x00007ffbfa340000 	C:\Program Files\Java\jdk-11.0.8\bin\verify.dll
0x00007ffc00020000 - 0x00007ffc00241000 	C:\WINDOWS\SYSTEM32\DBGHELP.DLL
0x00007ffbef150000 - 0x00007ffbef181000 	C:\WINDOWS\SYSTEM32\dbgcore.DLL
0x00007ffc02090000 - 0x00007ffc0210f000 	C:\WINDOWS\System32\bcryptPrimitives.dll
0x00007ffbfa300000 - 0x00007ffbfa328000 	C:\Program Files\Java\jdk-11.0.8\bin\java.dll
0x00007ffbfa2f0000 - 0x00007ffbfa2fa000 	C:\Program Files\Java\jdk-11.0.8\bin\jimage.dll
0x00007ffbee730000 - 0x00007ffbee768000 	C:\Program Files\Java\jdk-11.0.8\bin\jdwp.dll
0x00007ffbfa2c0000 - 0x00007ffbfa2ce000 	C:\Program Files\Java\jdk-11.0.8\bin\instrument.dll
0x00007ffbfa2d0000 - 0x00007ffbfa2e6000 	C:\Program Files\Java\jdk-11.0.8\bin\zip.dll
0x00007ffc02330000 - 0x00007ffc02ade000 	C:\WINDOWS\System32\SHELL32.dll
0x00007ffbff700000 - 0x00007ffbfff67000 	C:\WINDOWS\SYSTEM32\windows.storage.dll
0x00007ffc03fd0000 - 0x00007ffc04348000 	C:\WINDOWS\System32\combase.dll
0x00007ffbff590000 - 0x00007ffbff6f6000 	C:\WINDOWS\SYSTEM32\wintypes.dll
0x00007ffc031e0000 - 0x00007ffc032ca000 	C:\WINDOWS\System32\SHCORE.dll
0x00007ffc03970000 - 0x00007ffc039cd000 	C:\WINDOWS\System32\shlwapi.dll
0x00007ffc017b0000 - 0x00007ffc017d1000 	C:\WINDOWS\SYSTEM32\profapi.dll
0x00007ffbf6f90000 - 0x00007ffbf6f9a000 	C:\Program Files\Java\jdk-11.0.8\bin\dt_socket.dll
0x00007ffc00ea0000 - 0x00007ffc00f07000 	C:\WINDOWS\system32\mswsock.dll
0x00007ffbfa280000 - 0x00007ffbfa299000 	C:\Program Files\Java\jdk-11.0.8\bin\net.dll
0x00007ffbfb1a0000 - 0x00007ffbfb2ac000 	C:\WINDOWS\SYSTEM32\WINHTTP.dll
0x00007ffbf2a10000 - 0x00007ffbf2a22000 	C:\Program Files\Java\jdk-11.0.8\bin\nio.dll

dbghelp: loaded successfully - version: 4.0.5 - missing functions: none
symbol engine: initialized successfully - sym options: 0x614 - pdb path: .;C:\Program Files\Java\jdk-11.0.8\bin;C:\WINDOWS\SYSTEM32;C:\Program Files\Avast Software\Avast;C:\WINDOWS\WinSxS\amd64_microsoft.windows.common-controls_6595b64144ccf1df_6.0.22000.120_none_9d947278b86cc467;C:\Program Files\Java\jdk-11.0.8\bin\server

VM Arguments:
jvm_args: -agentlib:jdwp=transport=dt_socket,address=127.0.0.1:49764,suspend=y,server=n -javaagent:C:\Users\MARCOB~1\AppData\Local\Temp\captureAgent435jars\debugger-agent.jar -Dfile.encoding=UTF-8 
java_command: Day17.Day17
java_class_path (initial): D:\Java\advent-of-code-2021\target\classes;C:\Program Files\JetBrains\IntelliJ IDEA Community Edition 2020.2.3\lib\idea_rt.jar
Launcher Type: SUN_STANDARD

[Global flags]
     intx CICompilerCount                          = 4                                         {product} {ergonomic}
     uint ConcGCThreads                            = 3                                         {product} {ergonomic}
     uint G1ConcRefinementThreads                  = 10                                        {product} {ergonomic}
   size_t G1HeapRegionSize                         = 1048576                                   {product} {ergonomic}
    uintx GCDrainStackTargetSize                   = 64                                        {product} {ergonomic}
   size_t InitialHeapSize                          = 264241152                                 {product} {ergonomic}
   size_t MarkStackSize                            = 4194304                                   {product} {ergonomic}
   size_t MaxHeapSize                              = 4223664128                                {product} {ergonomic}
   size_t MaxNewSize                               = 2533359616                                {product} {ergonomic}
   size_t MinHeapDeltaBytes                        = 1048576                                   {product} {ergonomic}
    uintx NonNMethodCodeHeapSize                   = 5836300                                {pd product} {ergonomic}
    uintx NonProfiledCodeHeapSize                  = 122910970                              {pd product} {ergonomic}
    uintx ProfiledCodeHeapSize                     = 122910970                              {pd product} {ergonomic}
    uintx ReservedCodeCacheSize                    = 251658240                              {pd product} {ergonomic}
     bool SegmentedCodeCache                       = true                                      {product} {ergonomic}
     bool UseCompressedClassPointers               = true                                 {lp64_product} {ergonomic}
     bool UseCompressedOops                        = true                                 {lp64_product} {ergonomic}
     bool UseG1GC                                  = true                                      {product} {ergonomic}
     bool UseLargePagesIndividualAllocation        = false                                  {pd product} {ergonomic}

Logging:
Log output configuration:
 #0: stdout all=warning uptime,level,tags
 #1: stderr all=off uptime,level,tags

Environment Variables:
PATH=C:\Program Files\Common Files\Oracle\Java\javapath;C:\Program Files (x86)\Common Files\Oracle\Java\javapath;C:\Windows\system32;C:\Windows;C:\Windows\System32\Wbem;C:\Windows\System32\WindowsPowerShell\v1.0\;C:\Windows\System32\OpenSSH\;C:\Program Files (x86)\NVIDIA Corporation\PhysX\Common;C:\Program Files\NVIDIA Corporation\NVIDIA NvDLISR;C:\WINDOWS\system32;C:\WINDOWS;C:\WINDOWS\System32\Wbem;C:\WINDOWS\System32\WindowsPowerShell\v1.0\;C:\WINDOWS\System32\OpenSSH\;C:\Program Files\TortoiseSVN\bin;C:\Program Files\nodejs\;C:\Program Files\Git\cmd;C:\Program Files\Microsoft SQL Server\Client SDK\ODBC\170\Tools\Binn\;C:\Program Files (x86)\Microsoft SQL Server\150\Tools\Binn\;C:\Program Files\Microsoft SQL Server\150\Tools\Binn\;C:\Program Files\Microsoft SQL Server\150\DTS\Binn\;C:\Program Files (x86)\Microsoft SQL Server\150\DTS\Binn\;C:\Program Files\Azure Data Studio\bin;C:\Program Files (x86)\Yarn\bin\;%SystemRoot%\system32;%SystemRoot%;%SystemRoot%\System32\Wbem;%SYSTEMROOT%\System32\WindowsPowerShell\v1.0\;%SYSTEMROOT%\System32\OpenSSH\;C:\Users\Marco Bouwkamp\AppData\Local\Microsoft\WindowsApps;;C:\Program Files\JetBrains\IntelliJ IDEA Community Edition 2020.2.3\bin;;C:\Users\Marco Bouwkamp\AppData\Roaming\npm;C:\Program Files\Azure Data Studio\bin;C:\Users\Marco Bouwkamp\AppData\Local\Yarn\bin;C:\Users\Marco Bouwkamp\AppData\Local\Programs\Microsoft VS Code\bin
USERNAME=Marco Bouwkamp
OS=Windows_NT
PROCESSOR_IDENTIFIER=Intel64 Family 6 Model 158 Stepping 10, GenuineIntel



---------------  S Y S T E M  ---------------

OS: Windows 10 , 64 bit Build 22000 (10.0.22000.318)

CPU:total 12 (initial active 12) (6 cores per cpu, 2 threads per core) family 6 model 158 stepping 10, cmov, cx8, fxsr, mmx, sse, sse2, sse3, ssse3, sse4.1, sse4.2, popcnt, avx, avx2, aes, clmul, erms, 3dnowpref, lzcnt, ht, tsc, tscinvbit, bmi1, bmi2, adx, fma

Memory: 4k page, system-wide physical 16111M (5436M free)
TotalPageFile size 29423M (AvailPageFile size 12270M)
current process WorkingSet (physical memory assigned to process): 45M, peak: 48M
current process commit charge ("private bytes"): 341M, peak: 344M

vm_info: Java HotSpot(TM) 64-Bit Server VM (11.0.8+10-LTS) for windows-amd64 JRE (11.0.8+10-LTS), built on Jun 16 2020 05:53:08 by "mach5one" with unknown MS VC++:1916

END.
